<?xml version="1.0" encoding="UTF-8"?>
<!-- Generated by org.testng.reporters.JUnitReportReporter -->
<testsuite hostname="DESKTOP-1MRBHHO" failures="0" tests="3" name="testNGAnnotations.GoogleSearchEngine" time="21.541" errors="0" timestamp="2023-05-23T21:34:38 IST" skipped="0">
  <testcase classname="testNGAnnotations.GoogleSearchEngine" name="search2" time="7.974"/>
  <system-out/>
  <testcase classname="testNGAnnotations.GoogleSearchEngine" name="search3" time="6.341"/>
  <system-out/>
  <testcase classname="testNGAnnotations.GoogleSearchEngine" name="search1" time="7.226"/>
  <system-out/>
</testsuite> <!-- testNGAnnotations.GoogleSearchEngine -->
