<?xml version="1.0" encoding="UTF-8"?>
<!-- Generated by org.testng.reporters.JUnitReportReporter -->
<testsuite hostname="DESKTOP-1MRBHHO" failures="0" tests="3" name="testNGAnnotations.GoogleSearchEngine" time="24.645" errors="0" timestamp="2023-05-24T09:43:42 IST" skipped="0">
  <testcase classname="testNGAnnotations.GoogleSearchEngine" name="search2" time="6.662"/>
  <system-out/>
  <testcase classname="testNGAnnotations.GoogleSearchEngine" name="search3" time="10.501"/>
  <system-out/>
  <testcase classname="testNGAnnotations.GoogleSearchEngine" name="search1" time="7.482"/>
  <system-out/>
</testsuite> <!-- testNGAnnotations.GoogleSearchEngine -->
