<?xml version="1.0" encoding="UTF-8"?>
<!-- Generated by org.testng.reporters.JUnitReportReporter -->
<testsuite hostname="DESKTOP-1MRBHHO" failures="0" tests="1" name="testNGpackage.Sumo" time="0.011" errors="0" timestamp="2023-05-22T12:29:13 IST" skipped="0">
  <testcase classname="testNGpackage.Sumo" name="f" time="0.011"/>
  <system-out>
    <![CDATA[hii]]>
  </system-out>
</testsuite> <!-- testNGpackage.Sumo -->
