<?xml version="1.0" encoding="UTF-8"?>
<!-- Generated by org.testng.reporters.JUnitReportReporter -->
<testsuite hostname="DESKTOP-1MRBHHO" failures="0" tests="3" name="testNGPackage2.NewTest1" time="0.007" errors="0" timestamp="2023-05-23T21:38:26 IST" skipped="0">
  <testcase classname="testNGPackage2.NewTest1" name="a" time="0.003"/>
  <system-out>
    <![CDATA[a method from NewTest1]]>
  </system-out>
  <testcase classname="testNGPackage2.NewTest1" name="b" time="0.002"/>
  <system-out>
    <![CDATA[b method from NewTest1]]>
  </system-out>
  <testcase classname="testNGPackage2.NewTest1" name="c" time="0.002"/>
  <system-out>
    <![CDATA[c method from NewTest1]]>
  </system-out>
</testsuite> <!-- testNGPackage2.NewTest1 -->
