<?xml version="1.0" encoding="UTF-8"?>
<!-- Generated by org.testng.reporters.JUnitReportReporter -->
<testsuite hostname="DESKTOP-1MRBHHO" failures="0" tests="3" name="testNGPackage2.NewTest2" time="0.006" errors="0" timestamp="2023-05-23T21:38:26 IST" skipped="0">
  <testcase classname="testNGPackage2.NewTest2" name="f" time="0.002"/>
  <system-out>
    <![CDATA[f method from NewTest2]]>
  </system-out>
  <testcase classname="testNGPackage2.NewTest2" name="d" time="0.001"/>
  <system-out>
    <![CDATA[d method from NewTest2]]>
  </system-out>
  <testcase classname="testNGPackage2.NewTest2" name="e" time="0.003"/>
  <system-out>
    <![CDATA[e method from NewTest2]]>
  </system-out>
</testsuite> <!-- testNGPackage2.NewTest2 -->
