<?xml version="1.0" encoding="UTF-8"?>
<!-- Generated by org.testng.reporters.JUnitReportReporter -->
<testsuite hostname="DESKTOP-1MRBHHO" failures="0" tests="1" name="testNGPackage2.Test1" time="6.222" errors="0" timestamp="2023-05-22T12:27:15 IST" skipped="0">
  <testcase classname="testNGPackage2.Test1" name="testMethod1" time="6.222"/>
  <system-out/>
</testsuite> <!-- testNGPackage2.Test1 -->
