<?xml version="1.0" encoding="UTF-8"?>
<!-- Generated by org.testng.reporters.JUnitReportReporter -->
<testsuite hostname="DESKTOP-1MRBHHO" failures="0" tests="1" name="testNGAnnotations.NewTest" time="0.026" errors="0" timestamp="2023-05-23T10:52:03 IST" skipped="0">
  <testcase classname="testNGAnnotations.NewTest" name="testAnnotaion" time="0.026"/>
  <system-out>
    <![CDATA[testAnnotaion]]>
  </system-out>
</testsuite> <!-- testNGAnnotations.NewTest -->
