<?xml version="1.0" encoding="UTF-8"?>
<!-- Generated by org.testng.reporters.JUnitReportReporter -->
<testsuite hostname="DESKTOP-1MRBHHO" failures="0" tests="1" name="testNGPackage2.Test2" time="3.520" errors="0" timestamp="2023-05-22T12:27:15 IST" skipped="0">
  <testcase classname="testNGPackage2.Test2" name="testMethod2" time="3.520"/>
  <system-out/>
</testsuite> <!-- testNGPackage2.Test2 -->
