<?xml version="1.0" encoding="UTF-8"?>
<!-- Generated by org.testng.reporters.JUnitReportReporter -->
<testsuite hostname="DESKTOP-1MRBHHO" failures="0" tests="3" name="testNGPackage2.MethodExecution" time="0.023" errors="0" timestamp="2023-05-25T10:51:36 IST" skipped="0">
  <testcase classname="testNGPackage2.MethodExecution" name="methid2" time="0.006"/>
  <system-out>
    <![CDATA[19: is the thread id of method
method 2]]>
  </system-out>
  <testcase classname="testNGPackage2.MethodExecution" name="methid3" time="0.005"/>
  <system-out>
    <![CDATA[20: is the thread id of method
method 3]]>
  </system-out>
  <testcase classname="testNGPackage2.MethodExecution" name="methid1" time="0.012"/>
  <system-out>
    <![CDATA[18: is the thread id of method
method 1]]>
  </system-out>
</testsuite> <!-- testNGPackage2.MethodExecution -->
