<?xml version="1.0" encoding="UTF-8"?>
<!-- Generated by org.testng.reporters.JUnitReportReporter -->
<testsuite hostname="DESKTOP-1MRBHHO" failures="0" tests="1" name="testNGpackage.Demo" time="0.003" errors="0" timestamp="2023-05-22T12:29:13 IST" skipped="0">
  <testcase classname="testNGpackage.Demo" name="f" time="0.003"/>
  <system-out>
    <![CDATA[Hii]]>
  </system-out>
</testsuite> <!-- testNGpackage.Demo -->
