<?xml version="1.0" encoding="UTF-8"?>
<!-- Generated by org.testng.reporters.JUnitReportReporter -->
<testsuite hostname="DESKTOP-1MRBHHO" failures="0" tests="2" name="testNGSelect.SelectBrowser" time="8.168" errors="0" timestamp="2023-05-25T10:49:36 IST" skipped="0">
  <testcase classname="testNGSelect.SelectBrowser" name="method1" time="5.177"/>
  <system-out/>
  <testcase classname="testNGSelect.SelectBrowser" name="method1" time="2.991"/>
  <system-out/>
</testsuite> <!-- testNGSelect.SelectBrowser -->
